<?xml version="1.0" encoding="UTF-8"?>
<!-- Generated by org.testng.reporters.JUnitReportReporter -->
<testsuite skipped="0" hostname="Prasanna-PC" name="org.Sample.AddCustomer" tests="1" failures="0" timestamp="25 Aug 2019 15:19:56 GMT" time="8.607" errors="0">
  <testcase name="test1" time="8.607" classname="org.Sample.AddCustomer"/>
</testsuite> <!-- org.Sample.AddCustomer -->
